<?xml version="1.0" encoding="UTF-8"?>
<testsuite xmlns:xsi="http://www.w3.org/2001/XMLSchema-instance" xsi:noNamespaceSchemaLocation="https://maven.apache.org/surefire/maven-surefire-plugin/xsd/surefire-test-report.xsd" name="ygraph.ai.smartfox.rl.test.java.yraph.ai.smartfox.rl.test.RLWorldTest" time="0.025" tests="8" errors="0" skipped="0" failures="1">
  <properties>
    <property name="java.specification.version" value="17"/>
    <property name="sun.jnu.encoding" value="UTF-8"/>
    <property name="java.class.path" value="/Users/chinmayarvind/Documents/UBC/UBC Coursework/COSC 449/Reinforcement-Learning-Puddle-World-and-Python-Java-Integration/code/rl-puddle-world-java-implementation/ygraph-ai-smartfox-server/target/test-classes:/Users/chinmayarvind/Documents/UBC/UBC Coursework/COSC 449/Reinforcement-Learning-Puddle-World-and-Python-Java-Integration/code/rl-puddle-world-java-implementation/ygraph-ai-smartfox-server/target/classes:/Users/chinmayarvind/.m2/repository/com/smartfoxserver/sfs2x/2.0.0/sfs2x-2.0.0.jar:/Users/chinmayarvind/.m2/repository/com/smartfoxserver/sfs2x-core/2.1.1/sfs2x-core-2.1.1.jar:/Users/chinmayarvind/.m2/repository/junit/junit/4.13.2/junit-4.13.2.jar:/Users/chinmayarvind/.m2/repository/org/hamcrest/hamcrest-core/1.3/hamcrest-core-1.3.jar:"/>
    <property name="java.vm.vendor" value="Eclipse Adoptium"/>
    <property name="sun.arch.data.model" value="64"/>
    <property name="java.vendor.url" value="https://adoptium.net/"/>
    <property name="os.name" value="Mac OS X"/>
    <property name="java.vm.specification.version" value="17"/>
    <property name="sun.java.launcher" value="SUN_STANDARD"/>
    <property name="user.country" value="CA"/>
    <property name="sun.boot.library.path" value="/Library/Java/JavaVirtualMachines/temurin-17.jdk/Contents/Home/lib"/>
    <property name="sun.java.command" value="/Users/chinmayarvind/Documents/UBC/UBC Coursework/COSC 449/Reinforcement-Learning-Puddle-World-and-Python-Java-Integration/code/rl-puddle-world-java-implementation/ygraph-ai-smartfox-server/target/surefire/surefirebooter11309863187947560908.jar /Users/chinmayarvind/Documents/UBC/UBC Coursework/COSC 449/Reinforcement-Learning-Puddle-World-and-Python-Java-Integration/code/rl-puddle-world-java-implementation/ygraph-ai-smartfox-server/target/surefire 2024-10-16T05-27-23_257-jvmRun1 surefire3052900274132847507tmp surefire_014104365484908190952tmp"/>
    <property name="http.nonProxyHosts" value="local|*.local|169.254/16|*.169.254/16"/>
    <property name="jdk.debug" value="release"/>
    <property name="surefire.test.class.path" value="/Users/chinmayarvind/Documents/UBC/UBC Coursework/COSC 449/Reinforcement-Learning-Puddle-World-and-Python-Java-Integration/code/rl-puddle-world-java-implementation/ygraph-ai-smartfox-server/target/test-classes:/Users/chinmayarvind/Documents/UBC/UBC Coursework/COSC 449/Reinforcement-Learning-Puddle-World-and-Python-Java-Integration/code/rl-puddle-world-java-implementation/ygraph-ai-smartfox-server/target/classes:/Users/chinmayarvind/.m2/repository/com/smartfoxserver/sfs2x/2.0.0/sfs2x-2.0.0.jar:/Users/chinmayarvind/.m2/repository/com/smartfoxserver/sfs2x-core/2.1.1/sfs2x-core-2.1.1.jar:/Users/chinmayarvind/.m2/repository/junit/junit/4.13.2/junit-4.13.2.jar:/Users/chinmayarvind/.m2/repository/org/hamcrest/hamcrest-core/1.3/hamcrest-core-1.3.jar:"/>
    <property name="sun.cpu.endian" value="little"/>
    <property name="user.home" value="/Users/chinmayarvind"/>
    <property name="user.language" value="en"/>
    <property name="java.specification.vendor" value="Oracle Corporation"/>
    <property name="java.version.date" value="2023-07-18"/>
    <property name="java.home" value="/Library/Java/JavaVirtualMachines/temurin-17.jdk/Contents/Home"/>
    <property name="file.separator" value="/"/>
    <property name="basedir" value="/Users/chinmayarvind/Documents/UBC/UBC Coursework/COSC 449/Reinforcement-Learning-Puddle-World-and-Python-Java-Integration/code/rl-puddle-world-java-implementation/ygraph-ai-smartfox-server"/>
    <property name="java.vm.compressedOopsMode" value="Zero based"/>
    <property name="line.separator" value="&#10;"/>
    <property name="java.specification.name" value="Java Platform API Specification"/>
    <property name="java.vm.specification.vendor" value="Oracle Corporation"/>
    <property name="surefire.real.class.path" value="/Users/chinmayarvind/Documents/UBC/UBC Coursework/COSC 449/Reinforcement-Learning-Puddle-World-and-Python-Java-Integration/code/rl-puddle-world-java-implementation/ygraph-ai-smartfox-server/target/surefire/surefirebooter11309863187947560908.jar"/>
    <property name="sun.management.compiler" value="HotSpot 64-Bit Tiered Compilers"/>
    <property name="ftp.nonProxyHosts" value="local|*.local|169.254/16|*.169.254/16"/>
    <property name="java.runtime.version" value="17.0.8+7"/>
    <property name="user.name" value="chinmayarvind"/>
    <property name="path.separator" value=":"/>
    <property name="os.version" value="15.0.1"/>
    <property name="java.runtime.name" value="OpenJDK Runtime Environment"/>
    <property name="file.encoding" value="UTF-8"/>
    <property name="java.vm.name" value="OpenJDK 64-Bit Server VM"/>
    <property name="java.vendor.version" value="Temurin-17.0.8+7"/>
    <property name="localRepository" value="/Users/chinmayarvind/.m2/repository"/>
    <property name="java.vendor.url.bug" value="https://github.com/adoptium/adoptium-support/issues"/>
    <property name="java.io.tmpdir" value="/var/folders/wb/c3y29q6n6yl9cyg55q05bw140000gn/T/"/>
    <property name="java.version" value="17.0.8"/>
    <property name="user.dir" value="/Users/chinmayarvind/Documents/UBC/UBC Coursework/COSC 449/Reinforcement-Learning-Puddle-World-and-Python-Java-Integration/code/rl-puddle-world-java-implementation/ygraph-ai-smartfox-server"/>
    <property name="os.arch" value="aarch64"/>
    <property name="java.vm.specification.name" value="Java Virtual Machine Specification"/>
    <property name="native.encoding" value="UTF-8"/>
    <property name="java.library.path" value="/Users/chinmayarvind/Library/Java/Extensions:/Library/Java/Extensions:/Network/Library/Java/Extensions:/System/Library/Java/Extensions:/usr/lib/java:."/>
    <property name="java.vm.info" value="mixed mode"/>
    <property name="java.vendor" value="Eclipse Adoptium"/>
    <property name="java.vm.version" value="17.0.8+7"/>
    <property name="sun.io.unicode.encoding" value="UnicodeBig"/>
    <property name="socksNonProxyHosts" value="local|*.local|169.254/16|*.169.254/16"/>
    <property name="java.class.version" value="61.0"/>
  </properties>
  <testcase name="testPerformActionUp" classname="ygraph.ai.smartfox.rl.test.java.yraph.ai.smartfox.rl.test.RLWorldTest" time="0.005"/>
  <testcase name="testPerformActionRight" classname="ygraph.ai.smartfox.rl.test.java.yraph.ai.smartfox.rl.test.RLWorldTest" time="0"/>
  <testcase name="testPerformActionDown" classname="ygraph.ai.smartfox.rl.test.java.yraph.ai.smartfox.rl.test.RLWorldTest" time="0"/>
  <testcase name="testPerformActionLeft" classname="ygraph.ai.smartfox.rl.test.java.yraph.ai.smartfox.rl.test.RLWorldTest" time="0"/>
  <testcase name="testIsPuddle" classname="ygraph.ai.smartfox.rl.test.java.yraph.ai.smartfox.rl.test.RLWorldTest" time="0.002">
    <failure message="State 22 should not be a puddle" type="java.lang.AssertionError">java.lang.AssertionError: State 22 should not be a puddle
	at ygraph.ai.smartfox.rl.test.java.yraph.ai.smartfox.rl.test.RLWorldTest.testIsPuddle(RLWorldTest.java:59)
</failure>
  </testcase>
  <testcase name="testIsTerminalState" classname="ygraph.ai.smartfox.rl.test.java.yraph.ai.smartfox.rl.test.RLWorldTest" time="0"/>
  <testcase name="testInitialState" classname="ygraph.ai.smartfox.rl.test.java.yraph.ai.smartfox.rl.test.RLWorldTest" time="0.001"/>
  <testcase name="testGetReward" classname="ygraph.ai.smartfox.rl.test.java.yraph.ai.smartfox.rl.test.RLWorldTest" time="0"/>
</testsuite>